<?xml version="1.0" encoding="UTF-8"?>
<!-- Generated by org.testng.reporters.JUnitXMLReporter -->
<testsuite ignored="0" hostname="DESKTOP-KABL7D7" failures="1" tests="20" name="Testing Different testNG features" time="55.642" errors="0" timestamp="2023-01-25T22:46:53 EST">
  <testcase classname="com.testNG.TestNG_Basics" name="amazonTitleTest" time="0.016"/>
  <testcase classname="com.testNG.TestNG_Basics" name="microsoftTitleTest" time="0.002"/>
  <testcase classname="com.testNG.TestNG_Basics" name="googleTitleTest" time="0.002"/>
  <testcase classname="com.testNG.TestNG_DependsOnMethods" name="googleLogoTest" time="0.098">
    <failure type="java.lang.AssertionError" message="expected [false] but found [true]">
      <![CDATA[java.lang.AssertionError: expected [false] but found [true]
at com.testNG.TestNG_DependsOnMethods.googleLogoTest(TestNG_DependsOnMethods.java:37)
at java.base/java.util.ArrayList.forEach(ArrayList.java:1511)
... Removed 31 stack frames]]>
    </failure>
  </testcase> <!-- googleLogoTest -->
  <testcase classname="com.testNG.TestNG_DependsOnMethods" name="googleSearchTest" time="0.002">
    <skipped/>
  </testcase> <!-- googleSearchTest -->
  <testcase classname="com.testNG.TestNG_DependsOnMethods" name="googleTitleTest" time="0.0">
    <skipped/>
  </testcase> <!-- googleTitleTest -->
  <testcase classname="com.testNG.TestNG_GroupBy" name="Test_3" time="0.003"/>
  <testcase classname="com.testNG.TestNG_GroupBy" name="Test_4" time="0.003"/>
  <testcase classname="com.testNG.TestNG_GroupBy" name="Test_5" time="0.002"/>
  <testcase classname="com.testNG.TestNG_GroupBy" name="googleLogoTest" time="0.055"/>
  <testcase classname="com.testNG.TestNG_GroupBy" name="googleSearchTest" time="3.219"/>
  <testcase classname="com.testNG.TestNG_GroupBy" name="googleTitleTest" time="0.01"/>
  <testcase classname="com.testNG.TestNG_Priority" name="googleLogoTest" time="0.055"/>
  <testcase classname="com.testNG.TestNG_Priority" name="googleSearchTest" time="3.298"/>
  <testcase classname="com.testNG.TestNG_Priority" name="googleTitleTest" time="0.015"/>
  <testcase classname="com.testNG.TestNG_InvocationCount" name="googleTitleTest" time="0.015"/>
  <testcase classname="com.testNG.TestNG_InvocationCount" name="googleTitleTest" time="0.014"/>
  <testcase classname="com.testNG.TestNG_InvocationCount" name="googleTitleTest" time="0.015"/>
  <testcase classname="com.testNG.TestNG_InvocationCount" name="googleTitleTest" time="0.013"/>
  <testcase classname="com.testNG.TestNG_InvocationCount" name="googleTitleTest" time="0.017"/>
</testsuite> <!-- Testing Different testNG features -->
